<?xml version="1.0" encoding="UTF-8"?>
<coverage generated="1700229311131" clover="3.2.0">
  <project timestamp="1700229311131" name="All files">
    <metrics statements="17" coveredstatements="17" conditionals="29" coveredconditionals="22" methods="2" coveredmethods="2" elements="48" coveredelements="41" complexity="0" loc="17" ncloc="17" packages="2" files="2" classes="2"/>
    <package name="dist.auth.dto">
      <metrics statements="13" coveredstatements="13" conditionals="29" coveredconditionals="22" methods="2" coveredmethods="2"/>
      <file name="auth.dto.js" path="/home/polo/Documents/transcendance_rebase/srcs/backend/dist/auth/dto/auth.dto.js">
        <metrics statements="13" coveredstatements="13" conditionals="29" coveredconditionals="22" methods="2" coveredmethods="2"/>
        <line num="2" count="1" type="cond" truecount="3" falsecount="0"/>
        <line num="3" count="2" type="cond" truecount="2" falsecount="2"/>
        <line num="4" count="2" type="cond" truecount="3" falsecount="1"/>
        <line num="5" count="6" type="cond" truecount="6" falsecount="2"/>
        <line num="6" count="2" type="cond" truecount="2" falsecount="1"/>
        <line num="8" count="1" type="cond" truecount="3" falsecount="0"/>
        <line num="9" count="2" type="cond" truecount="3" falsecount="1"/>
        <line num="11" count="1" type="stmt"/>
        <line num="12" count="1" type="stmt"/>
        <line num="14" count="1" type="stmt"/>
        <line num="18" count="1" type="stmt"/>
        <line num="19" count="1" type="stmt"/>
        <line num="24" count="1" type="stmt"/>
      </file>
    </package>
    <package name="src.auth.dto">
      <metrics statements="4" coveredstatements="4" conditionals="0" coveredconditionals="0" methods="0" coveredmethods="0"/>
      <file name="auth.dto.ts" path="/home/polo/Documents/transcendance_rebase/srcs/backend/src/auth/dto/auth.dto.ts">
        <metrics statements="4" coveredstatements="4" conditionals="0" coveredconditionals="0" methods="0" coveredmethods="0"/>
        <line num="2" count="1" type="stmt"/>
        <line num="8" count="1" type="stmt"/>
        <line num="9" count="1" type="stmt"/>
        <line num="10" count="1" type="stmt"/>
      </file>
    </package>
  </project>
</coverage>
