{"/home/polo/Documents/transcendance_rebase/srcs/backend/dist/auth/dto/auth.dto.js": {"path":"/home/polo/Documents/transcendance_rebase/srcs/backend/dist/auth/dto/auth.dto.js","all":false,"statementMap":{"0":{"start":{"line":1,"column":0},"end":{"line":1,"column":13}},"1":{"start":{"line":2,"column":0},"end":{"line":2,"column":88}},"2":{"start":{"line":3,"column":0},"end":{"line":3,"column":129}},"3":{"start":{"line":4,"column":0},"end":{"line":4,"column":131}},"4":{"start":{"line":5,"column":0},"end":{"line":5,"column":150}},"5":{"start":{"line":6,"column":0},"end":{"line":6,"column":66}},"6":{"start":{"line":7,"column":0},"end":{"line":7,"column":2}},"7":{"start":{"line":8,"column":0},"end":{"line":8,"column":63}},"8":{"start":{"line":9,"column":0},"end":{"line":9,"column":109}},"9":{"start":{"line":10,"column":0},"end":{"line":10,"column":2}},"10":{"start":{"line":11,"column":0},"end":{"line":11,"column":62}},"11":{"start":{"line":12,"column":0},"end":{"line":12,"column":25}},"12":{"start":{"line":13,"column":0},"end":{"line":13,"column":65}},"13":{"start":{"line":14,"column":0},"end":{"line":14,"column":53}},"14":{"start":{"line":15,"column":0},"end":{"line":15,"column":63}},"15":{"start":{"line":16,"column":0},"end":{"line":16,"column":15}},"16":{"start":{"line":17,"column":0},"end":{"line":17,"column":1}},"17":{"start":{"line":18,"column":0},"end":{"line":18,"column":26}},"18":{"start":{"line":19,"column":0},"end":{"line":19,"column":12}},"19":{"start":{"line":20,"column":0},"end":{"line":20,"column":40}},"20":{"start":{"line":21,"column":0},"end":{"line":21,"column":38}},"21":{"start":{"line":22,"column":0},"end":{"line":22,"column":37}},"22":{"start":{"line":23,"column":0},"end":{"line":23,"column":42}},"23":{"start":{"line":24,"column":0},"end":{"line":24,"column":12}},"24":{"start":{"line":25,"column":0},"end":{"line":25,"column":40}},"25":{"start":{"line":26,"column":0},"end":{"line":26,"column":38}},"26":{"start":{"line":27,"column":0},"end":{"line":27,"column":37}},"27":{"start":{"line":28,"column":0},"end":{"line":28,"column":42}}},"s":{"0":1,"1":1,"2":2,"3":2,"4":2,"5":2,"6":2,"7":1,"8":2,"9":2,"10":1,"11":1,"12":1,"13":1,"14":1,"15":1,"16":1,"17":1,"18":1,"19":1,"20":1,"21":1,"22":1,"23":1,"24":1,"25":1,"26":1,"27":1},"branchMap":{"0":{"type":"branch","line":2,"loc":{"start":{"line":2,"column":46},"end":{"line":7,"column":2}},"locations":[{"start":{"line":2,"column":46},"end":{"line":7,"column":2}}]},"1":{"type":"branch","line":3,"loc":{"start":{"line":3,"column":39},"end":{"line":3,"column":48}},"locations":[{"start":{"line":3,"column":39},"end":{"line":3,"column":48}}]},"2":{"type":"branch","line":3,"loc":{"start":{"line":3,"column":64},"end":{"line":3,"column":118}},"locations":[{"start":{"line":3,"column":64},"end":{"line":3,"column":118}}]},"3":{"type":"branch","line":4,"loc":{"start":{"line":4,"column":79},"end":{"line":4,"column":131}},"locations":[{"start":{"line":4,"column":79},"end":{"line":4,"column":131}}]},"4":{"type":"branch","line":5,"loc":{"start":{"line":5,"column":58},"end":{"line":5,"column":150}},"locations":[{"start":{"line":5,"column":58},"end":{"line":5,"column":150}}]},"5":{"type":"branch","line":5,"loc":{"start":{"line":5,"column":81},"end":{"line":5,"column":150}},"locations":[{"start":{"line":5,"column":81},"end":{"line":5,"column":150}}]},"6":{"type":"branch","line":5,"loc":{"start":{"line":5,"column":91},"end":{"line":5,"column":98}},"locations":[{"start":{"line":5,"column":91},"end":{"line":5,"column":98}}]},"7":{"type":"branch","line":5,"loc":{"start":{"line":5,"column":126},"end":{"line":5,"column":143}},"locations":[{"start":{"line":5,"column":126},"end":{"line":5,"column":143}}]},"8":{"type":"branch","line":6,"loc":{"start":{"line":6,"column":21},"end":{"line":6,"column":62}},"locations":[{"start":{"line":6,"column":21},"end":{"line":6,"column":62}}]},"9":{"type":"branch","line":8,"loc":{"start":{"line":8,"column":46},"end":{"line":10,"column":2}},"locations":[{"start":{"line":8,"column":46},"end":{"line":10,"column":2}}]},"10":{"type":"branch","line":9,"loc":{"start":{"line":9,"column":79},"end":{"line":9,"column":109}},"locations":[{"start":{"line":9,"column":79},"end":{"line":9,"column":109}}]}},"b":{"0":[2],"1":[0],"2":[0],"3":[0],"4":[6],"5":[4],"6":[0],"7":[0],"8":[0],"9":[2],"10":[0]},"fnMap":{"0":{"name":"Object.<anonymous>.__decorate","decl":{"start":{"line":2,"column":46},"end":{"line":7,"column":2}},"loc":{"start":{"line":2,"column":46},"end":{"line":7,"column":2}},"line":2},"1":{"name":"Object.<anonymous>.__metadata","decl":{"start":{"line":8,"column":46},"end":{"line":10,"column":2}},"loc":{"start":{"line":8,"column":46},"end":{"line":10,"column":2}},"line":8}},"f":{"0":2,"1":2}}
}
