{"/usr/src/app/dist/auth/dto/auth.dto.js": {"path":"/usr/src/app/dist/auth/dto/auth.dto.js","statementMap":{"0":{"start":{"line":21,"column":17},"end":{"line":26,"column":1}},"1":{"start":{"line":22,"column":12},"end":{"line":22,"column":28}},"2":{"start":{"line":22,"column":34},"end":{"line":22,"column":125}},"3":{"start":{"line":23,"column":4},"end":{"line":24,"column":150}},"4":{"start":{"line":23,"column":79},"end":{"line":23,"column":131}},"5":{"start":{"line":24,"column":9},"end":{"line":24,"column":150}},"6":{"start":{"line":24,"column":22},"end":{"line":24,"column":43}},"7":{"start":{"line":24,"column":58},"end":{"line":24,"column":150}},"8":{"start":{"line":24,"column":81},"end":{"line":24,"column":150}},"9":{"start":{"line":25,"column":4},"end":{"line":25,"column":66}},"10":{"start":{"line":27,"column":17},"end":{"line":29,"column":1}},"11":{"start":{"line":28,"column":4},"end":{"line":28,"column":109}},"12":{"start":{"line":28,"column":79},"end":{"line":28,"column":109}},"13":{"start":{"line":30,"column":0},"end":{"line":30,"column":62}},"14":{"start":{"line":31,"column":0},"end":{"line":31,"column":25}},"15":{"start":{"line":33,"column":26},"end":{"line":33,"column":52}},"16":{"start":{"line":37,"column":0},"end":{"line":37,"column":26}},"17":{"start":{"line":38,"column":0},"end":{"line":44,"column":42}},"18":{"start":{"line":45,"column":0},"end":{"line":51,"column":42}}},"fnMap":{"0":{"name":"(anonymous_0)","decl":{"start":{"line":21,"column":46},"end":{"line":21,"column":47}},"loc":{"start":{"line":21,"column":87},"end":{"line":26,"column":1}},"line":21},"1":{"name":"(anonymous_1)","decl":{"start":{"line":27,"column":46},"end":{"line":27,"column":47}},"loc":{"start":{"line":27,"column":62},"end":{"line":29,"column":1}},"line":27}},"branchMap":{"0":{"loc":{"start":{"line":21,"column":17},"end":{"line":26,"column":1}},"type":"binary-expr","locations":[{"start":{"line":21,"column":18},"end":{"line":21,"column":22}},{"start":{"line":21,"column":26},"end":{"line":21,"column":41}},{"start":{"line":21,"column":46},"end":{"line":26,"column":1}}],"line":21},"1":{"loc":{"start":{"line":22,"column":34},"end":{"line":22,"column":125}},"type":"cond-expr","locations":[{"start":{"line":22,"column":42},"end":{"line":22,"column":48}},{"start":{"line":22,"column":51},"end":{"line":22,"column":125}}],"line":22},"2":{"loc":{"start":{"line":22,"column":51},"end":{"line":22,"column":125}},"type":"cond-expr","locations":[{"start":{"line":22,"column":67},"end":{"line":22,"column":118}},{"start":{"line":22,"column":121},"end":{"line":22,"column":125}}],"line":22},"3":{"loc":{"start":{"line":23,"column":4},"end":{"line":24,"column":150}},"type":"if","locations":[{"start":{"line":23,"column":4},"end":{"line":24,"column":150}},{"start":{"line":24,"column":9},"end":{"line":24,"column":150}}],"line":23},"4":{"loc":{"start":{"line":23,"column":8},"end":{"line":23,"column":77}},"type":"binary-expr","locations":[{"start":{"line":23,"column":8},"end":{"line":23,"column":35}},{"start":{"line":23,"column":39},"end":{"line":23,"column":77}}],"line":23},"5":{"loc":{"start":{"line":24,"column":58},"end":{"line":24,"column":150}},"type":"if","locations":[{"start":{"line":24,"column":58},"end":{"line":24,"column":150}},{"start":{},"end":{}}],"line":24},"6":{"loc":{"start":{"line":24,"column":85},"end":{"line":24,"column":149}},"type":"binary-expr","locations":[{"start":{"line":24,"column":86},"end":{"line":24,"column":143}},{"start":{"line":24,"column":148},"end":{"line":24,"column":149}}],"line":24},"7":{"loc":{"start":{"line":24,"column":86},"end":{"line":24,"column":143}},"type":"cond-expr","locations":[{"start":{"line":24,"column":94},"end":{"line":24,"column":98}},{"start":{"line":24,"column":101},"end":{"line":24,"column":143}}],"line":24},"8":{"loc":{"start":{"line":24,"column":101},"end":{"line":24,"column":143}},"type":"cond-expr","locations":[{"start":{"line":24,"column":109},"end":{"line":24,"column":126}},{"start":{"line":24,"column":129},"end":{"line":24,"column":143}}],"line":24},"9":{"loc":{"start":{"line":25,"column":11},"end":{"line":25,"column":62}},"type":"binary-expr","locations":[{"start":{"line":25,"column":11},"end":{"line":25,"column":16}},{"start":{"line":25,"column":20},"end":{"line":25,"column":21}},{"start":{"line":25,"column":25},"end":{"line":25,"column":62}}],"line":25},"10":{"loc":{"start":{"line":27,"column":17},"end":{"line":29,"column":1}},"type":"binary-expr","locations":[{"start":{"line":27,"column":18},"end":{"line":27,"column":22}},{"start":{"line":27,"column":26},"end":{"line":27,"column":41}},{"start":{"line":27,"column":46},"end":{"line":29,"column":1}}],"line":27},"11":{"loc":{"start":{"line":28,"column":4},"end":{"line":28,"column":109}},"type":"if","locations":[{"start":{"line":28,"column":4},"end":{"line":28,"column":109}},{"start":{},"end":{}}],"line":28},"12":{"loc":{"start":{"line":28,"column":8},"end":{"line":28,"column":77}},"type":"binary-expr","locations":[{"start":{"line":28,"column":8},"end":{"line":28,"column":35}},{"start":{"line":28,"column":39},"end":{"line":28,"column":77}}],"line":28}},"s":{"0":1,"1":2,"2":2,"3":2,"4":0,"5":2,"6":2,"7":6,"8":4,"9":2,"10":1,"11":2,"12":0,"13":1,"14":1,"15":1,"16":1,"17":1,"18":1},"f":{"0":2,"1":2},"b":{"0":[1,1,1],"1":[0,2],"2":[0,2],"3":[0,2],"4":[2,2],"5":[4,2],"6":[4,4],"7":[0,4],"8":[4,0],"9":[2,2,0],"10":[1,1,1],"11":[0,2],"12":[2,2]},"inputSourceMap":null,"_coverageSchema":"1a1c01bbd47fc00a2c39e90264f33305004495a9","hash":"6b13d803c399c002b8a748e64ca38d372e910ef3"}
,"/usr/src/app/src/auth/dto/auth.dto.ts": {"path":"/usr/src/app/src/auth/dto/auth.dto.ts","statementMap":{"0":{"start":{"line":22,"column":0},"end":{"line":22,"column":64}},"1":{"start":{"line":25,"column":0},"end":{"line":25,"column":13}},"2":{"start":{"line":30,"column":4},"end":{"line":30,"column":null}},"3":{"start":{"line":36,"column":4},"end":{"line":36,"column":null}}},"fnMap":{},"branchMap":{},"s":{"0":1,"1":1,"2":1,"3":1},"f":{},"b":{}}
}
