TN:
SF:dist/auth/dto/auth.dto.js
FN:21,(anonymous_0)
FN:27,(anonymous_1)
FNF:2
FNH:2
FNDA:2,(anonymous_0)
FNDA:2,(anonymous_1)
DA:21,1
DA:22,2
DA:23,2
DA:24,6
DA:25,2
DA:27,1
DA:28,2
DA:30,1
DA:31,1
DA:33,1
DA:37,1
DA:38,1
DA:45,1
LF:13
LH:13
BRDA:21,0,0,1
BRDA:21,0,1,1
BRDA:21,0,2,1
BRDA:22,1,0,0
BRDA:22,1,1,2
BRDA:22,2,0,0
BRDA:22,2,1,2
BRDA:23,3,0,0
BRDA:23,3,1,2
BRDA:23,4,0,2
BRDA:23,4,1,2
BRDA:24,5,0,4
BRDA:24,5,1,2
BRDA:24,6,0,4
BRDA:24,6,1,4
BRDA:24,7,0,0
BRDA:24,7,1,4
BRDA:24,8,0,4
BRDA:24,8,1,0
BRDA:25,9,0,2
BRDA:25,9,1,2
BRDA:25,9,2,0
BRDA:27,10,0,1
BRDA:27,10,1,1
BRDA:27,10,2,1
BRDA:28,11,0,0
BRDA:28,11,1,2
BRDA:28,12,0,2
BRDA:28,12,1,2
BRF:29
BRH:22
end_of_record
TN:
SF:src/auth/dto/auth.dto.ts
FNF:0
FNH:0
DA:22,1
DA:25,1
DA:30,1
DA:36,1
LF:4
LH:4
BRF:0
BRH:0
end_of_record
