TN:
SF:dist/auth/dto/auth.dto.js
FN:2,Object.<anonymous>.__decorate
FN:8,Object.<anonymous>.__metadata
FNF:2
FNH:2
FNDA:2,Object.<anonymous>.__decorate
FNDA:2,Object.<anonymous>.__metadata
DA:1,1
DA:2,1
DA:3,2
DA:4,2
DA:5,2
DA:6,2
DA:7,2
DA:8,1
DA:9,2
DA:10,2
DA:11,1
DA:12,1
DA:13,1
DA:14,1
DA:15,1
DA:16,1
DA:17,1
DA:18,1
DA:19,1
DA:20,1
DA:21,1
DA:22,1
DA:23,1
DA:24,1
DA:25,1
DA:26,1
DA:27,1
DA:28,1
LF:28
LH:28
BRDA:2,0,0,2
BRDA:3,1,0,0
BRDA:3,2,0,0
BRDA:4,3,0,0
BRDA:5,4,0,6
BRDA:5,5,0,4
BRDA:5,6,0,0
BRDA:5,7,0,0
BRDA:6,8,0,0
BRDA:8,9,0,2
BRDA:9,10,0,0
BRF:11
BRH:4
end_of_record
